<?xml version="1.0" encoding="UTF-8"?>
<coverage generated="1703263138474" clover="3.2.0">
  <project timestamp="1703263138474" name="All files">
    <metrics statements="186" coveredstatements="177" conditionals="97" coveredconditionals="84" methods="23" coveredmethods="22" elements="306" coveredelements="283" complexity="0" loc="186" ncloc="186" packages="3" files="11" classes="11"/>
    <package name="cli">
      <metrics statements="40" coveredstatements="33" conditionals="20" coveredconditionals="14" methods="2" coveredmethods="2"/>
      <file name="cld.mjs" path="/Users/zane/playground/command-line-documentation/src/cli/cld.mjs">
        <metrics statements="40" coveredstatements="33" conditionals="20" coveredconditionals="14" methods="2" coveredmethods="2"/>
        <line num="1" count="1" type="stmt"/>
        <line num="3" count="1" type="stmt"/>
        <line num="4" count="1" type="stmt"/>
        <line num="6" count="1" type="stmt"/>
        <line num="7" count="106" type="cond" truecount="6" falsecount="0"/>
        <line num="9" count="1" type="stmt"/>
        <line num="35" count="1" type="cond" truecount="0" falsecount="4"/>
        <line num="36" count="5" type="stmt"/>
        <line num="37" count="5" type="stmt"/>
        <line num="38" count="5" type="stmt"/>
        <line num="39" count="5" type="stmt"/>
        <line num="41" count="5" type="cond" truecount="3" falsecount="1"/>
        <line num="42" count="0" type="stmt"/>
        <line num="43" count="0" type="stmt"/>
        <line num="45" count="5" type="cond" truecount="4" falsecount="0"/>
        <line num="46" count="1" type="stmt"/>
        <line num="47" count="1" type="stmt"/>
        <line num="49" count="4" type="cond" truecount="0" falsecount="1"/>
        <line num="50" count="0" type="stmt"/>
        <line num="51" count="0" type="stmt"/>
        <line num="52" count="0" type="stmt"/>
        <line num="56" count="4" type="stmt"/>
        <line num="57" count="4" type="stmt"/>
        <line num="60" count="1" type="cond" truecount="1" falsecount="0"/>
        <line num="61" count="1" type="stmt"/>
        <line num="62" count="1" type="stmt"/>
        <line num="64" count="0" type="stmt"/>
        <line num="65" count="0" type="stmt"/>
        <line num="69" count="3" type="stmt"/>
        <line num="70" count="3" type="stmt"/>
        <line num="73" count="1" type="stmt"/>
        <line num="74" count="1" type="stmt"/>
        <line num="78" count="2" type="stmt"/>
        <line num="79" count="2" type="stmt"/>
        <line num="82" count="1" type="stmt"/>
        <line num="83" count="1" type="stmt"/>
        <line num="86" count="1" type="stmt"/>
        <line num="88" count="1" type="stmt"/>
        <line num="89" count="1" type="stmt"/>
        <line num="90" count="1" type="stmt"/>
      </file>
    </package>
    <package name="lib">
      <metrics statements="43" coveredstatements="41" conditionals="24" coveredconditionals="19" methods="7" coveredmethods="6"/>
      <file name="command-line-documentation.mjs" path="/Users/zane/playground/command-line-documentation/src/lib/command-line-documentation.mjs">
        <metrics statements="22" coveredstatements="20" conditionals="11" coveredconditionals="8" methods="2" coveredmethods="1"/>
        <line num="1" count="1" type="stmt"/>
        <line num="2" count="1" type="stmt"/>
        <line num="3" count="1" type="stmt"/>
        <line num="4" count="1" type="stmt"/>
        <line num="6" count="1" type="stmt"/>
        <line num="7" count="0" type="cond" truecount="0" falsecount="1"/>
        <line num="10" count="1" type="cond" truecount="2" falsecount="0"/>
        <line num="11" count="1" type="cond" truecount="0" falsecount="1"/>
        <line num="12" count="0" type="stmt"/>
        <line num="15" count="1" type="cond" truecount="2" falsecount="0"/>
        <line num="17" count="1" type="stmt"/>
        <line num="18" count="1" type="stmt"/>
        <line num="19" count="1" type="stmt"/>
        <line num="20" count="1" type="stmt"/>
        <line num="22" count="1" type="stmt"/>
        <line num="24" count="1" type="stmt"/>
        <line num="26" count="1" type="cond" truecount="1" falsecount="1"/>
        <line num="27" count="1" type="stmt"/>
        <line num="29" count="1" type="cond" truecount="1" falsecount="0"/>
        <line num="30" count="1" type="stmt"/>
        <line num="33" count="1" type="stmt"/>
        <line num="34" count="1" type="stmt"/>
      </file>
      <file name="convert-cli-spec-types.mjs" path="/Users/zane/playground/command-line-documentation/src/lib/convert-cli-spec-types.mjs">
        <metrics statements="21" coveredstatements="21" conditionals="13" coveredconditionals="11" methods="5" coveredmethods="5"/>
        <line num="1" count="2" type="stmt"/>
        <line num="2" count="4" type="stmt"/>
        <line num="4" count="4" type="cond" truecount="3" falsecount="0"/>
        <line num="5" count="2" type="stmt"/>
        <line num="7" count="2" type="stmt"/>
        <line num="8" count="2" type="stmt"/>
        <line num="10" count="2" type="cond" truecount="0" falsecount="1"/>
        <line num="11" count="2" type="stmt"/>
        <line num="12" count="10" type="cond" truecount="1" falsecount="0"/>
        <line num="13" count="20" type="stmt"/>
        <line num="18" count="2" type="cond" truecount="0" falsecount="1"/>
        <line num="19" count="24" type="stmt"/>
        <line num="20" count="24" type="cond" truecount="1" falsecount="0"/>
        <line num="21" count="10" type="stmt"/>
        <line num="24" count="14" type="cond" truecount="2" falsecount="0"/>
        <line num="25" count="8" type="stmt"/>
        <line num="27" count="6" type="cond" truecount="2" falsecount="0"/>
        <line num="28" count="2" type="stmt"/>
        <line num="30" count="4" type="cond" truecount="2" falsecount="0"/>
        <line num="31" count="2" type="stmt"/>
        <line num="34" count="2" type="stmt"/>
      </file>
    </package>
    <package name="lib.lib">
      <metrics statements="103" coveredstatements="103" conditionals="53" coveredconditionals="51" methods="14" coveredmethods="14"/>
      <file name="chalk-template-to-md.mjs" path="/Users/zane/playground/command-line-documentation/src/lib/lib/chalk-template-to-md.mjs">
        <metrics statements="15" coveredstatements="15" conditionals="11" coveredconditionals="11" methods="1" coveredmethods="1"/>
        <line num="1" count="4" type="stmt"/>
        <line num="2" count="4" type="stmt"/>
        <line num="4" count="4" type="stmt"/>
        <line num="5" count="24" type="stmt"/>
        <line num="7" count="24" type="stmt"/>
        <line num="8" count="7" type="stmt"/>
        <line num="9" count="7" type="stmt"/>
        <line num="10" count="7" type="stmt"/>
        <line num="11" count="7" type="stmt"/>
        <line num="12" count="8" type="cond" truecount="2" falsecount="0"/>
        <line num="13" count="4" type="cond" truecount="1" falsecount="0"/>
        <line num="16" count="7" type="cond" truecount="4" falsecount="0"/>
        <line num="25" count="7" type="stmt"/>
        <line num="28" count="24" type="stmt"/>
        <line num="29" count="4" type="stmt"/>
      </file>
      <file name="command-toc.mjs" path="/Users/zane/playground/command-line-documentation/src/lib/lib/command-toc.mjs">
        <metrics statements="13" coveredstatements="13" conditionals="5" coveredconditionals="5" methods="2" coveredmethods="2"/>
        <line num="1" count="3" type="stmt"/>
        <line num="3" count="3" type="stmt"/>
        <line num="5" count="7" type="stmt"/>
        <line num="6" count="4" type="cond" truecount="2" falsecount="0"/>
        <line num="8" count="4" type="stmt"/>
        <line num="9" count="11" type="stmt"/>
        <line num="10" count="11" type="cond" truecount="2" falsecount="0"/>
        <line num="11" count="11" type="cond" truecount="1" falsecount="0"/>
        <line num="12" count="11" type="stmt"/>
        <line num="14" count="11" type="stmt"/>
        <line num="17" count="4" type="stmt"/>
        <line num="19" count="4" type="stmt"/>
        <line num="20" count="3" type="stmt"/>
      </file>
      <file name="display-arg.mjs" path="/Users/zane/playground/command-line-documentation/src/lib/lib/display-arg.mjs">
        <metrics statements="1" coveredstatements="1" conditionals="4" coveredconditionals="4" methods="1" coveredmethods="1"/>
        <line num="1" count="17" type="cond" truecount="4" falsecount="0"/>
      </file>
      <file name="document-command-args.mjs" path="/Users/zane/playground/command-line-documentation/src/lib/lib/document-command-args.mjs">
        <metrics statements="13" coveredstatements="13" conditionals="5" coveredconditionals="5" methods="1" coveredmethods="1"/>
        <line num="1" count="4" type="stmt"/>
        <line num="2" count="4" type="stmt"/>
        <line num="4" count="4" type="stmt"/>
        <line num="5" count="18" type="stmt"/>
        <line num="6" count="18" type="cond" truecount="3" falsecount="0"/>
        <line num="7" count="6" type="stmt"/>
        <line num="10" count="12" type="stmt"/>
        <line num="11" count="12" type="cond" truecount="1" falsecount="0"/>
        <line num="12" count="7" type="stmt"/>
        <line num="14" count="12" type="cond" truecount="1" falsecount="0"/>
        <line num="15" count="10" type="stmt"/>
        <line num="18" count="12" type="stmt"/>
        <line num="19" count="4" type="stmt"/>
      </file>
      <file name="document-commands.mjs" path="/Users/zane/playground/command-line-documentation/src/lib/lib/document-commands.mjs">
        <metrics statements="22" coveredstatements="22" conditionals="9" coveredconditionals="8" methods="3" coveredmethods="3"/>
        <line num="1" count="2" type="stmt"/>
        <line num="2" count="2" type="stmt"/>
        <line num="3" count="2" type="stmt"/>
        <line num="4" count="2" type="stmt"/>
        <line num="5" count="2" type="stmt"/>
        <line num="7" count="2" type="cond" truecount="1" falsecount="0"/>
        <line num="10" count="6" type="stmt"/>
        <line num="11" count="3" type="stmt"/>
        <line num="13" count="3" type="stmt"/>
        <line num="15" count="3" type="stmt"/>
        <line num="16" count="9" type="stmt"/>
        <line num="17" count="9" type="stmt"/>
        <line num="18" count="9" type="cond" truecount="2" falsecount="0"/>
        <line num="24" count="9" type="stmt"/>
        <line num="26" count="9" type="cond" truecount="3" falsecount="0"/>
        <line num="27" count="1" type="stmt"/>
        <line num="28" count="1" type="stmt"/>
        <line num="29" count="1" type="stmt"/>
        <line num="38" count="3" type="cond" truecount="1" falsecount="0"/>
        <line num="39" count="2" type="stmt"/>
        <line num="42" count="3" type="stmt"/>
        <line num="43" count="2" type="stmt"/>
      </file>
      <file name="document-options.mjs" path="/Users/zane/playground/command-line-documentation/src/lib/lib/document-options.mjs">
        <metrics statements="20" coveredstatements="20" conditionals="8" coveredconditionals="8" methods="1" coveredmethods="1"/>
        <line num="1" count="3" type="stmt"/>
        <line num="2" count="3" type="stmt"/>
        <line num="3" count="3" type="stmt"/>
        <line num="5" count="3" type="stmt"/>
        <line num="6" count="14" type="stmt"/>
        <line num="7" count="14" type="cond" truecount="4" falsecount="0"/>
        <line num="8" count="4" type="stmt"/>
        <line num="11" count="10" type="stmt"/>
        <line num="13" count="10" type="stmt"/>
        <line num="15" count="10" type="cond" truecount="1" falsecount="0"/>
        <line num="16" count="7" type="stmt"/>
        <line num="17" count="7" type="stmt"/>
        <line num="21" count="10" type="stmt"/>
        <line num="22" count="9" type="stmt"/>
        <line num="23" count="9" type="cond" truecount="1" falsecount="0"/>
        <line num="24" count="1" type="stmt"/>
        <line num="26" count="9" type="stmt"/>
        <line num="29" count="10" type="stmt"/>
        <line num="31" count="10" type="stmt"/>
        <line num="32" count="3" type="stmt"/>
      </file>
      <file name="document-usage.mjs" path="/Users/zane/playground/command-line-documentation/src/lib/lib/document-usage.mjs">
        <metrics statements="8" coveredstatements="8" conditionals="0" coveredconditionals="0" methods="1" coveredmethods="1"/>
        <line num="1" count="2" type="stmt"/>
        <line num="2" count="2" type="stmt"/>
        <line num="4" count="2" type="stmt"/>
        <line num="5" count="4" type="stmt"/>
        <line num="7" count="4" type="stmt"/>
        <line num="9" count="4" type="stmt"/>
        <line num="11" count="4" type="stmt"/>
        <line num="12" count="2" type="stmt"/>
      </file>
      <file name="helpers.mjs" path="/Users/zane/playground/command-line-documentation/src/lib/lib/helpers.mjs">
        <metrics statements="11" coveredstatements="11" conditionals="11" coveredconditionals="10" methods="4" coveredmethods="4"/>
        <line num="1" count="20" type="stmt"/>
        <line num="3" count="28" type="stmt"/>
        <line num="5" count="6" type="stmt"/>
        <line num="6" count="26" type="cond" truecount="2" falsecount="0"/>
        <line num="8" count="23" type="cond" truecount="3" falsecount="1"/>
        <line num="10" count="26" type="cond" truecount="2" falsecount="0"/>
        <line num="12" count="26" type="cond" truecount="2" falsecount="0"/>
        <line num="13" count="26" type="cond" truecount="1" falsecount="0"/>
        <line num="14" count="17" type="stmt"/>
        <line num="17" count="26" type="stmt"/>
        <line num="18" count="6" type="stmt"/>
      </file>
    </package>
  </project>
</coverage>
